#
# There is insufficient memory for the Java Runtime Environment to continue.
# Native memory allocation (malloc) failed to allocate 1123376 bytes for Chunk::new
# Possible reasons:
#   The system is out of physical RAM or swap space
#   The process is running with CompressedOops enabled, and the Java Heap may be blocking the growth of the native heap
# Possible solutions:
#   Reduce memory load on the system
#   Increase physical memory or swap space
#   Check if swap backing store is full
#   Decrease Java heap size (-Xmx/-Xms)
#   Decrease number of Java threads
#   Decrease Java thread stack sizes (-Xss)
#   Set larger code cache with -XX:ReservedCodeCacheSize=
#   JVM is running with Unscaled Compressed Oops mode in which the Java heap is
#     placed in the first 4GB address space. The Java Heap base address is the
#     maximum limit for the native heap growth. Please use -XX:HeapBaseMinAddress
#     to set the Java Heap base and to place the Java Heap above 4GB virtual address.
# This output file may be truncated or incomplete.
#
#  Out of Memory Error (arena.cpp:195), pid=6276, tid=6444
#
# JRE version: Java(TM) SE Runtime Environment (16.0.1+9) (build 16.0.1+9-24)
# Java VM: Java HotSpot(TM) 64-Bit Server VM (16.0.1+9-24, mixed mode, sharing, tiered, compressed oops, compressed class ptrs, g1 gc, windows-amd64)
# No core dump will be written. Minidumps are not enabled by default on client versions of Windows
#

---------------  S U M M A R Y ------------

Command Line: -Dfile.encoding=UTF-8 -XX:+ShowCodeDetailsInExceptionMessages com.saraya.WeCareApplication

Host: AMD 3020e with Radeon Graphics                 , 2 cores, 3G,  Windows 10 , 64 bit Build 19041 (10.0.19041.2364)
Time: Tue Jan  3 23:43:32 2023 Greenwich elapsed time: 715.571644 seconds (0d 0h 11m 55s)

---------------  T H R E A D  ---------------

Current thread (0x000001c0bdf2a540):  JavaThread "C2 CompilerThread0" daemon [_thread_in_native, id=6444, stack(0x0000000705300000,0x0000000705400000)]


Current CompileTask:
C2: 715652 10586   !   4       org.springframework.beans.factory.support.AbstractBeanFactory::doGetBean (832 bytes)

Stack: [0x0000000705300000,0x0000000705400000]
Native frames: (J=compiled Java code, j=interpreted, Vv=VM code, C=native code)
V  [jvm.dll+0x6687ca]
V  [jvm.dll+0x7ca3c9]
V  [jvm.dll+0x7cbb53]
V  [jvm.dll+0x7cc1b3]
V  [jvm.dll+0x242ea5]
V  [jvm.dll+0xadeca]
V  [jvm.dll+0xae5ac]
V  [jvm.dll+0x35aed2]
V  [jvm.dll+0x3253d1]
V  [jvm.dll+0x32487a]
V  [jvm.dll+0x215f3c]
V  [jvm.dll+0x215350]
V  [jvm.dll+0x1a1d9b]
V  [jvm.dll+0x2253a8]
V  [jvm.dll+0x2233ec]
V  [jvm.dll+0x780002]
V  [jvm.dll+0x779b4a]
V  [jvm.dll+0x667666]
C  [ucrtbase.dll+0x21bb2]
C  [KERNEL32.DLL+0x17614]
C  [ntdll.dll+0x526a1]


---------------  P R O C E S S  ---------------

Threads class SMR info:
_java_thread_list=0x000001c0c3464090, length=31, elements={
0x000001c0bdf09810, 0x000001c0bdf0a6d0, 0x000001c0bdf180d0, 0x000001c0bdf1baf0,
0x000001c0bdf1c4f0, 0x000001c0bdf1cef0, 0x000001c0bdf2a540, 0x000001c0bdf2af80,
0x000001c0bdf31600, 0x000001c0bec3ff50, 0x000001c0bec4c090, 0x000001c0c08217b0,
0x000001c0c0821d00, 0x000001c0c0823790, 0x000001c0c0823ce0, 0x000001c0c0820d10,
0x000001c0c0f6b090, 0x000001c0c0f6f050, 0x000001c0c0f6c080, 0x000001c0c0f71030,
0x000001c0c0f6b5e0, 0x000001c0c0f6f5a0, 0x000001c0c0f70040, 0x000001c0c0f6c5d0,
0x000001c0c0f6bb30, 0x000001c0c0f6e060, 0x000001c0c0f70ae0, 0x000001c0c0f70590,
0x000001c0c0f72020, 0x000001c0c0f6cb20, 0x000001c0c0f6e5b0
}

Java Threads: ( => current thread )
  0x000001c0bdf09810 JavaThread "Reference Handler" daemon [_thread_blocked, id=3036, stack(0x0000000704d00000,0x0000000704e00000)]
  0x000001c0bdf0a6d0 JavaThread "Finalizer" daemon [_thread_blocked, id=8492, stack(0x0000000704e00000,0x0000000704f00000)]
  0x000001c0bdf180d0 JavaThread "Signal Dispatcher" daemon [_thread_blocked, id=7384, stack(0x0000000704f00000,0x0000000705000000)]
  0x000001c0bdf1baf0 JavaThread "Attach Listener" daemon [_thread_blocked, id=5040, stack(0x0000000705000000,0x0000000705100000)]
  0x000001c0bdf1c4f0 JavaThread "Service Thread" daemon [_thread_blocked, id=8940, stack(0x0000000705100000,0x0000000705200000)]
  0x000001c0bdf1cef0 JavaThread "Monitor Deflation Thread" daemon [_thread_blocked, id=10020, stack(0x0000000705200000,0x0000000705300000)]
=>0x000001c0bdf2a540 JavaThread "C2 CompilerThread0" daemon [_thread_in_native, id=6444, stack(0x0000000705300000,0x0000000705400000)]
  0x000001c0bdf2af80 JavaThread "C1 CompilerThread0" daemon [_thread_blocked, id=6500, stack(0x0000000705400000,0x0000000705500000)]
  0x000001c0bdf31600 JavaThread "Sweeper thread" daemon [_thread_blocked, id=4600, stack(0x0000000705500000,0x0000000705600000)]
  0x000001c0bec3ff50 JavaThread "Notification Thread" daemon [_thread_blocked, id=2000, stack(0x0000000705600000,0x0000000705700000)]
  0x000001c0bec4c090 JavaThread "Common-Cleaner" daemon [_thread_blocked, id=9076, stack(0x0000000705800000,0x0000000705900000)]
  0x000001c0c08217b0 JavaThread "Catalina-utility-1" [_thread_blocked, id=1404, stack(0x0000000705d00000,0x0000000705e00000)]
  0x000001c0c0821d00 JavaThread "Catalina-utility-2" [_thread_blocked, id=7916, stack(0x0000000705e00000,0x0000000705f00000)]
  0x000001c0c0823790 JavaThread "container-0" [_thread_blocked, id=8096, stack(0x0000000705f00000,0x0000000706000000)]
  0x000001c0c0823ce0 JavaThread "mysql-cj-abandoned-connection-cleanup" daemon [_thread_blocked, id=8088, stack(0x0000000706000000,0x0000000706100000)]
  0x000001c0c0820d10 JavaThread "HikariPool-1 housekeeper" daemon [_thread_blocked, id=7636, stack(0x0000000706300000,0x0000000706400000)]
  0x000001c0c0f6b090 JavaThread "File Watcher" daemon [_thread_blocked, id=9792, stack(0x0000000706400000,0x0000000706500000)]
  0x000001c0c0f6f050 JavaThread "Live Reload Server" daemon [_thread_in_native, id=7424, stack(0x0000000706600000,0x0000000706700000)]
  0x000001c0c0f6c080 JavaThread "http-nio-8080-exec-1" daemon [_thread_blocked, id=6696, stack(0x0000000706500000,0x0000000706600000)]
  0x000001c0c0f71030 JavaThread "http-nio-8080-exec-2" daemon [_thread_blocked, id=8224, stack(0x0000000706700000,0x0000000706800000)]
  0x000001c0c0f6b5e0 JavaThread "http-nio-8080-exec-3" daemon [_thread_blocked, id=9616, stack(0x0000000706800000,0x0000000706900000)]
  0x000001c0c0f6f5a0 JavaThread "http-nio-8080-exec-4" daemon [_thread_blocked, id=6292, stack(0x0000000706900000,0x0000000706a00000)]
  0x000001c0c0f70040 JavaThread "http-nio-8080-exec-5" daemon [_thread_blocked, id=10048, stack(0x0000000706a00000,0x0000000706b00000)]
  0x000001c0c0f6c5d0 JavaThread "http-nio-8080-exec-6" daemon [_thread_blocked, id=3784, stack(0x0000000706b00000,0x0000000706c00000)]
  0x000001c0c0f6bb30 JavaThread "http-nio-8080-exec-7" daemon [_thread_blocked, id=10028, stack(0x0000000706c00000,0x0000000706d00000)]
  0x000001c0c0f6e060 JavaThread "http-nio-8080-exec-8" daemon [_thread_blocked, id=1572, stack(0x0000000706d00000,0x0000000706e00000)]
  0x000001c0c0f70ae0 JavaThread "http-nio-8080-exec-9" daemon [_thread_blocked, id=8008, stack(0x0000000706e00000,0x0000000706f00000)]
  0x000001c0c0f70590 JavaThread "http-nio-8080-exec-10" daemon [_thread_blocked, id=260, stack(0x0000000706f00000,0x0000000707000000)]
  0x000001c0c0f72020 JavaThread "http-nio-8080-Poller" daemon [_thread_in_native, id=4612, stack(0x0000000707000000,0x0000000707100000)]
  0x000001c0c0f6cb20 JavaThread "http-nio-8080-Acceptor" daemon [_thread_in_native, id=9092, stack(0x0000000707100000,0x0000000707200000)]
  0x000001c0c0f6e5b0 JavaThread "DestroyJavaVM" [_thread_blocked, id=6952, stack(0x0000000704600000,0x0000000704700000)]

Other Threads:
  0x000001c0a387eb70 VMThread "VM Thread" [stack: 0x0000000704c00000,0x0000000704d00000] [id=9496]
  0x000001c0bec40470 WatcherThread [stack: 0x0000000705700000,0x0000000705800000] [id=8704]
  0x000001c0a37d8470 GCTaskThread "GC Thread#0" [stack: 0x0000000704700000,0x0000000704800000] [id=3088]
  0x000001c0bef70af0 GCTaskThread "GC Thread#1" [stack: 0x0000000704500000,0x0000000704600000] [id=10096]
  0x000001c0a37e00f0 ConcurrentGCThread "G1 Main Marker" [stack: 0x0000000704800000,0x0000000704900000] [id=5476]
  0x000001c0a37e23e0 ConcurrentGCThread "G1 Conc#0" [stack: 0x0000000704900000,0x0000000704a00000] [id=2816]
  0x000001c0a3817a70 ConcurrentGCThread "G1 Refine#0" [stack: 0x0000000704a00000,0x0000000704b00000] [id=8660]
  0x000001c0c0fde560 ConcurrentGCThread "G1 Refine#1" [stack: 0x0000000705c00000,0x0000000705d00000] [id=7576]
  0x000001c0a381d510 ConcurrentGCThread "G1 Service" [stack: 0x0000000704b00000,0x0000000704c00000] [id=1324]

Threads with active compile tasks:
C2 CompilerThread0   717026 10586   !   4       org.springframework.beans.factory.support.AbstractBeanFactory::doGetBean (832 bytes)

VM state: not at safepoint (normal execution)

VM Mutex/Monitor currently owned by a thread: None

Heap address: 0x00000000c9e00000, size: 866 MB, Compressed Oops mode: 32-bit

CDS archive(s) mapped at: [0x0000000800000000-0x0000000800bb0000-0x0000000800bb0000), size 12255232, SharedBaseAddress: 0x0000000800000000, ArchiveRelocationMode: 0.
Compressed class space mapped at: 0x0000000800c00000-0x0000000840c00000, reserved size: 1073741824
Narrow klass base: 0x0000000800000000, Narrow klass shift: 3, Narrow klass range: 0x100000000

GC Precious Log:
 CPUs: 2 total, 2 available
 Memory: 3460M
 Large Page Support: Disabled
 NUMA Support: Disabled
 Compressed Oops: Enabled (32-bit)
 Heap Region Size: 1M
 Heap Min Capacity: 8M
 Heap Initial Capacity: 56M
 Heap Max Capacity: 866M
 Pre-touch: Disabled
 Parallel Workers: 2
 Concurrent Workers: 1
 Concurrent Refinement Workers: 2
 Periodic GC: Disabled

Heap:
 garbage-first heap   total 53248K, used 29242K [0x00000000c9e00000, 0x0000000100000000)
  region size 1024K, 2 young (2048K), 1 survivors (1024K)
 Metaspace       used 67379K, committed 67840K, reserved 1114112K
  class space    used 8489K, committed 8704K, reserved 1048576K

Heap Regions: E=young(eden), S=young(survivor), O=old, HS=humongous(starts), HC=humongous(continues), CS=collection set, F=free, OA=open archive, CA=closed archive, TAMS=top-at-mark-start (previous, next)
|   0|0x00000000c9e00000, 0x00000000c9f00000, 0x00000000c9f00000|100%|HS|  |TAMS 0x00000000c9f00000, 0x00000000c9e00000| Complete 
|   1|0x00000000c9f00000, 0x00000000ca000000, 0x00000000ca000000|100%| O|  |TAMS 0x00000000ca000000, 0x00000000c9f00000| Untracked 
|   2|0x00000000ca000000, 0x00000000ca100000, 0x00000000ca100000|100%| O|  |TAMS 0x00000000ca100000, 0x00000000ca000000| Untracked 
|   3|0x00000000ca100000, 0x00000000ca200000, 0x00000000ca200000|100%| O|  |TAMS 0x00000000ca200000, 0x00000000ca100000| Untracked 
|   4|0x00000000ca200000, 0x00000000ca300000, 0x00000000ca300000|100%| O|  |TAMS 0x00000000ca300000, 0x00000000ca200000| Untracked 
|   5|0x00000000ca300000, 0x00000000ca400000, 0x00000000ca400000|100%| O|  |TAMS 0x00000000ca400000, 0x00000000ca300000| Untracked 
|   6|0x00000000ca400000, 0x00000000ca500000, 0x00000000ca500000|100%| O|  |TAMS 0x00000000ca500000, 0x00000000ca400000| Untracked 
|   7|0x00000000ca500000, 0x00000000ca600000, 0x00000000ca600000|100%| O|  |TAMS 0x00000000ca600000, 0x00000000ca500000| Untracked 
|   8|0x00000000ca600000, 0x00000000ca700000, 0x00000000ca700000|100%| O|  |TAMS 0x00000000ca700000, 0x00000000ca600000| Untracked 
|   9|0x00000000ca700000, 0x00000000ca75ca00, 0x00000000ca800000| 36%| O|  |TAMS 0x00000000ca75ca00, 0x00000000ca700000| Untracked 
|  10|0x00000000ca800000, 0x00000000ca900000, 0x00000000ca900000|100%| O|  |TAMS 0x00000000ca900000, 0x00000000ca800000| Untracked 
|  11|0x00000000ca900000, 0x00000000caa00000, 0x00000000caa00000|100%| O|  |TAMS 0x00000000caa00000, 0x00000000ca900000| Untracked 
|  12|0x00000000caa00000, 0x00000000cab00000, 0x00000000cab00000|100%| O|  |TAMS 0x00000000cab00000, 0x00000000caa00000| Untracked 
|  13|0x00000000cab00000, 0x00000000cac00000, 0x00000000cac00000|100%| O|  |TAMS 0x00000000cac00000, 0x00000000cab00000| Untracked 
|  14|0x00000000cac00000, 0x00000000cad00000, 0x00000000cad00000|100%| O|  |TAMS 0x00000000cad00000, 0x00000000cac00000| Untracked 
|  15|0x00000000cad00000, 0x00000000cae00000, 0x00000000cae00000|100%| O|  |TAMS 0x00000000cae00000, 0x00000000cad00000| Untracked 
|  16|0x00000000cae00000, 0x00000000caf00000, 0x00000000caf00000|100%| O|  |TAMS 0x00000000caf00000, 0x00000000cae00000| Untracked 
|  17|0x00000000caf00000, 0x00000000cb000000, 0x00000000cb000000|100%| O|  |TAMS 0x00000000cb000000, 0x00000000caf00000| Untracked 
|  18|0x00000000cb000000, 0x00000000cb100000, 0x00000000cb100000|100%| O|  |TAMS 0x00000000cb100000, 0x00000000cb000000| Untracked 
|  19|0x00000000cb100000, 0x00000000cb200000, 0x00000000cb200000|100%| O|  |TAMS 0x00000000cb200000, 0x00000000cb100000| Untracked 
|  20|0x00000000cb200000, 0x00000000cb300000, 0x00000000cb300000|100%| O|  |TAMS 0x00000000cb300000, 0x00000000cb200000| Untracked 
|  21|0x00000000cb300000, 0x00000000cb400000, 0x00000000cb400000|100%| O|  |TAMS 0x00000000cb400000, 0x00000000cb300000| Untracked 
|  22|0x00000000cb400000, 0x00000000cb500000, 0x00000000cb500000|100%| O|  |TAMS 0x00000000cb500000, 0x00000000cb400000| Untracked 
|  23|0x00000000cb500000, 0x00000000cb600000, 0x00000000cb600000|100%| O|  |TAMS 0x00000000cb600000, 0x00000000cb500000| Untracked 
|  24|0x00000000cb600000, 0x00000000cb700000, 0x00000000cb700000|100%| O|  |TAMS 0x00000000cb700000, 0x00000000cb600000| Untracked 
|  25|0x00000000cb700000, 0x00000000cb800000, 0x00000000cb800000|100%| O|  |TAMS 0x00000000cb800000, 0x00000000cb700000| Untracked 
|  26|0x00000000cb800000, 0x00000000cb900000, 0x00000000cb900000|100%| O|  |TAMS 0x00000000cb900000, 0x00000000cb800000| Untracked 
|  27|0x00000000cb900000, 0x00000000cba00000, 0x00000000cba00000|100%| O|  |TAMS 0x00000000cba00000, 0x00000000cb900000| Untracked 
|  28|0x00000000cba00000, 0x00000000cba91000, 0x00000000cbb00000| 56%| O|  |TAMS 0x00000000cba7da00, 0x00000000cba00000| Untracked 
|  29|0x00000000cbb00000, 0x00000000cbb00000, 0x00000000cbc00000|  0%| F|  |TAMS 0x00000000cbb00000, 0x00000000cbb00000| Untracked 
|  30|0x00000000cbc00000, 0x00000000cbc00000, 0x00000000cbd00000|  0%| F|  |TAMS 0x00000000cbc00000, 0x00000000cbc00000| Untracked 
|  31|0x00000000cbd00000, 0x00000000cbd00000, 0x00000000cbe00000|  0%| F|  |TAMS 0x00000000cbd00000, 0x00000000cbd00000| Untracked 
|  32|0x00000000cbe00000, 0x00000000cbe00000, 0x00000000cbf00000|  0%| F|  |TAMS 0x00000000cbe00000, 0x00000000cbe00000| Untracked 
|  33|0x00000000cbf00000, 0x00000000cbf00000, 0x00000000cc000000|  0%| F|  |TAMS 0x00000000cbf00000, 0x00000000cbf00000| Untracked 
|  34|0x00000000cc000000, 0x00000000cc000000, 0x00000000cc100000|  0%| F|  |TAMS 0x00000000cc000000, 0x00000000cc000000| Untracked 
|  35|0x00000000cc100000, 0x00000000cc100000, 0x00000000cc200000|  0%| F|  |TAMS 0x00000000cc100000, 0x00000000cc100000| Untracked 
|  36|0x00000000cc200000, 0x00000000cc2a0fa8, 0x00000000cc300000| 62%| S|CS|TAMS 0x00000000cc200000, 0x00000000cc200000| Complete 
|  37|0x00000000cc300000, 0x00000000cc300000, 0x00000000cc400000|  0%| F|  |TAMS 0x00000000cc300000, 0x00000000cc300000| Untracked 
|  38|0x00000000cc400000, 0x00000000cc400000, 0x00000000cc500000|  0%| F|  |TAMS 0x00000000cc400000, 0x00000000cc400000| Untracked 
|  39|0x00000000cc500000, 0x00000000cc500000, 0x00000000cc600000|  0%| F|  |TAMS 0x00000000cc500000, 0x00000000cc500000| Untracked 
|  40|0x00000000cc600000, 0x00000000cc600000, 0x00000000cc700000|  0%| F|  |TAMS 0x00000000cc600000, 0x00000000cc600000| Untracked 
|  41|0x00000000cc700000, 0x00000000cc700000, 0x00000000cc800000|  0%| F|  |TAMS 0x00000000cc700000, 0x00000000cc700000| Untracked 
|  42|0x00000000cc800000, 0x00000000cc800000, 0x00000000cc900000|  0%| F|  |TAMS 0x00000000cc800000, 0x00000000cc800000| Untracked 
|  43|0x00000000cc900000, 0x00000000cc900000, 0x00000000cca00000|  0%| F|  |TAMS 0x00000000cc900000, 0x00000000cc900000| Untracked 
|  44|0x00000000cca00000, 0x00000000cca00000, 0x00000000ccb00000|  0%| F|  |TAMS 0x00000000cca00000, 0x00000000cca00000| Untracked 
|  45|0x00000000ccb00000, 0x00000000ccb00000, 0x00000000ccc00000|  0%| F|  |TAMS 0x00000000ccb00000, 0x00000000ccb00000| Untracked 
|  46|0x00000000ccc00000, 0x00000000ccc00000, 0x00000000ccd00000|  0%| F|  |TAMS 0x00000000ccc00000, 0x00000000ccc00000| Untracked 
|  47|0x00000000ccd00000, 0x00000000ccd00000, 0x00000000cce00000|  0%| F|  |TAMS 0x00000000ccd00000, 0x00000000ccd00000| Untracked 
|  48|0x00000000cce00000, 0x00000000cce00000, 0x00000000ccf00000|  0%| F|  |TAMS 0x00000000cce00000, 0x00000000cce00000| Untracked 
|  49|0x00000000ccf00000, 0x00000000ccf00000, 0x00000000cd000000|  0%| F|  |TAMS 0x00000000ccf00000, 0x00000000ccf00000| Untracked 
|  50|0x00000000cd000000, 0x00000000cd000000, 0x00000000cd100000|  0%| F|  |TAMS 0x00000000cd000000, 0x00000000cd000000| Untracked 
|  55|0x00000000cd500000, 0x00000000cd5d0d58, 0x00000000cd600000| 81%| E|  |TAMS 0x00000000cd500000, 0x00000000cd500000| Complete 

Card table byte_map: [0x000001c0a3540000,0x000001c0a3700000] _byte_map_base: 0x000001c0a2ef1000

Marking Bits (Prev, Next): (CMBitMap*) 0x000001c0a37d8ae0, (CMBitMap*) 0x000001c0a37d8b20
 Prev Bits: [0x000001c0ba0e0000, 0x000001c0bae68000)
 Next Bits: [0x000001c0bae70000, 0x000001c0bbbf8000)

Polling page: 0x000001c0a15e0000

Metaspace:

Usage:
  Non-class:     57.51 MB used.
      Class:      8.29 MB used.
       Both:     65.80 MB used.

Virtual space:
  Non-class space:       64.00 MB reserved,      57.75 MB ( 90%) committed,  8 nodes.
      Class space:        1.00 GB reserved,       8.50 MB ( <1%) committed,  1 nodes.
              Both:        1.06 GB reserved,      66.25 MB (  6%) committed. 

Chunk freelists:
   Non-Class:  2.03 MB
       Class:  3.31 MB
        Both:  5.34 MB

MaxMetaspaceSize: 17179869184.00 GB
CompressedClassSpaceSize: 1.00 GB
 - commit_granule_bytes: 65536.
 - commit_granule_words: 8192.
 - virtual_space_node_default_size: 1048576.
 - enlarge_chunks_in_place: 1.
 - new_chunks_are_fully_committed: 0.
 - uncommit_free_chunks: 1.
 - use_allocation_guard: 0.
 - handle_deallocations: 1.


Internal statistics:

num_allocs_failed_limit: 6.
num_arena_births: 558.
num_arena_deaths: 0.
num_vsnodes_births: 9.
num_vsnodes_deaths: 0.
num_space_committed: 1060.
num_space_uncommitted: 0.
num_chunks_returned_to_freelist: 6.
num_chunks_taken_from_freelist: 2991.
num_chunk_merges: 6.
num_chunk_splits: 2083.
num_chunks_enlarged: 1601.
num_purges: 0.

CodeHeap 'non-profiled nmethods': size=120064Kb used=6818Kb max_used=6818Kb free=113245Kb
 bounds [0x000001c0b29e0000, 0x000001c0b3090000, 0x000001c0b9f20000]
CodeHeap 'profiled nmethods': size=120000Kb used=18719Kb max_used=19404Kb free=101280Kb
 bounds [0x000001c0ab4b0000, 0x000001c0ac7b0000, 0x000001c0b29e0000]
CodeHeap 'non-nmethods': size=5696Kb used=1354Kb max_used=1406Kb free=4341Kb
 bounds [0x000001c0aaf20000, 0x000001c0ab190000, 0x000001c0ab4b0000]
 total_blobs=9707 nmethods=9030 adapters=588
 compilation: enabled
              stopped_count=0, restarted_count=0
 full_count=0

Compilation events (20 events):
Event: 711.496 Thread 0x000001c0bdf2a540 nmethod 10577 0x000001c0b3082290 code [0x000001c0b3082460, 0x000001c0b30828b8]
Event: 711.764 Thread 0x000001c0bdf2a540 10578   !   4       com.mysql.cj.jdbc.StatementImpl::closeAllOpenResults (100 bytes)
Event: 711.781 Thread 0x000001c0bdf2a540 nmethod 10578 0x000001c0b3082c10 code [0x000001c0b3082e00, 0x000001c0b30838f8]
Event: 711.781 Thread 0x000001c0bdf2a540 10579       4       com.fasterxml.jackson.datatype.jsr310.ser.LocalDateSerializer::serialize (11 bytes)
Event: 711.851 Thread 0x000001c0bdf2a540 nmethod 10579 0x000001c0b3083f10 code [0x000001c0b30841a0, 0x000001c0b3085d00]
Event: 711.905 Thread 0x000001c0bdf2a540 10580   !   4       org.apache.catalina.connector.Request::getUserPrincipal (106 bytes)
Event: 711.905 Thread 0x000001c0bdf2a540 nmethod 10580 0x000001c0b3086f10 code [0x000001c0b30870a0, 0x000001c0b3087138]
Event: 711.909 Thread 0x000001c0bdf2a540 10581       4       org.apache.catalina.core.StandardWrapper::isUnavailable (40 bytes)
Event: 711.909 Thread 0x000001c0bdf2a540 nmethod 10581 0x000001c0b3087210 code [0x000001c0b30873a0, 0x000001c0b3087478]
Event: 711.910 Thread 0x000001c0bdf2a540 10582       4       org.springframework.http.converter.FormHttpMessageConverter::canWrite (73 bytes)
Event: 711.911 Thread 0x000001c0bdf2a540 nmethod 10582 0x000001c0b3087510 code [0x000001c0b30876a0, 0x000001c0b3087798]
Event: 711.911 Thread 0x000001c0bdf2a540 10583       4       org.springframework.http.converter.ByteArrayHttpMessageConverter::supports (12 bytes)
Event: 711.911 Thread 0x000001c0bdf2a540 nmethod 10583 0x000001c0b3087890 code [0x000001c0b3087a20, 0x000001c0b3087ab8]
Event: 711.919 Thread 0x000001c0bdf2a540 10584       4       org.hibernate.engine.internal.EntityEntryContext$EntityEntryCrossRefImpl::getKey (5 bytes)
Event: 711.919 Thread 0x000001c0bdf2a540 nmethod 10584 0x000001c0b3087b90 code [0x000001c0b3087d00, 0x000001c0b3087d78]
Event: 712.986 Thread 0x000001c0bdf2a540 10585       4       org.springframework.http.converter.ResourceRegionHttpMessageConverter::canWrite (127 bytes)
Event: 712.990 Thread 0x000001c0bdf2a540 nmethod 10585 0x000001c0b3087e90 code [0x000001c0b3088040, 0x000001c0b3088498]
Event: 713.000 Thread 0x000001c0bdf2a540 10586   !   4       org.springframework.beans.factory.support.AbstractBeanFactory::doGetBean (832 bytes)
Event: 713.176 Thread 0x000001c0bdf2af80 10588       3       org.hibernate.query.internal.AbstractProducedQuery::setComment (7 bytes)
Event: 713.176 Thread 0x000001c0bdf2af80 nmethod 10588 0x000001c0abbb6890 code [0x000001c0abbb6a20, 0x000001c0abbb6b78]

GC Heap History (20 events):
Event: 682.176 GC heap before
{Heap before GC invocations=49 (full 0):
 garbage-first heap   total 53248K, used 44615K [0x00000000c9e00000, 0x0000000100000000)
  region size 1024K, 16 young (16384K), 1 survivors (1024K)
 Metaspace       used 67338K, committed 67776K, reserved 1114112K
  class space    used 8489K, committed 8704K, reserved 1048576K
}
Event: 682.179 GC heap after
{Heap after GC invocations=50 (full 0):
 garbage-first heap   total 53248K, used 29154K [0x00000000c9e00000, 0x0000000100000000)
  region size 1024K, 1 young (1024K), 1 survivors (1024K)
 Metaspace       used 67338K, committed 67776K, reserved 1114112K
  class space    used 8489K, committed 8704K, reserved 1048576K
}
Event: 683.476 GC heap before
{Heap before GC invocations=51 (full 0):
 garbage-first heap   total 53248K, used 44514K [0x00000000c9e00000, 0x0000000100000000)
  region size 1024K, 16 young (16384K), 1 survivors (1024K)
 Metaspace       used 67358K, committed 67840K, reserved 1114112K
  class space    used 8489K, committed 8704K, reserved 1048576K
}
Event: 683.479 GC heap after
{Heap after GC invocations=52 (full 0):
 garbage-first heap   total 53248K, used 29153K [0x00000000c9e00000, 0x0000000100000000)
  region size 1024K, 1 young (1024K), 1 survivors (1024K)
 Metaspace       used 67358K, committed 67840K, reserved 1114112K
  class space    used 8489K, committed 8704K, reserved 1048576K
}
Event: 685.185 GC heap before
{Heap before GC invocations=52 (full 0):
 garbage-first heap   total 53248K, used 44513K [0x00000000c9e00000, 0x0000000100000000)
  region size 1024K, 16 young (16384K), 1 survivors (1024K)
 Metaspace       used 67360K, committed 67840K, reserved 1114112K
  class space    used 8489K, committed 8704K, reserved 1048576K
}
Event: 685.189 GC heap after
{Heap after GC invocations=53 (full 0):
 garbage-first heap   total 53248K, used 29212K [0x00000000c9e00000, 0x0000000100000000)
  region size 1024K, 1 young (1024K), 1 survivors (1024K)
 Metaspace       used 67360K, committed 67840K, reserved 1114112K
  class space    used 8489K, committed 8704K, reserved 1048576K
}
Event: 686.310 GC heap before
{Heap before GC invocations=54 (full 0):
 garbage-first heap   total 53248K, used 44572K [0x00000000c9e00000, 0x0000000100000000)
  region size 1024K, 16 young (16384K), 1 survivors (1024K)
 Metaspace       used 67360K, committed 67840K, reserved 1114112K
  class space    used 8489K, committed 8704K, reserved 1048576K
}
Event: 686.313 GC heap after
{Heap after GC invocations=55 (full 0):
 garbage-first heap   total 53248K, used 29183K [0x00000000c9e00000, 0x0000000100000000)
  region size 1024K, 1 young (1024K), 1 survivors (1024K)
 Metaspace       used 67360K, committed 67840K, reserved 1114112K
  class space    used 8489K, committed 8704K, reserved 1048576K
}
Event: 687.903 GC heap before
{Heap before GC invocations=55 (full 0):
 garbage-first heap   total 53248K, used 44543K [0x00000000c9e00000, 0x0000000100000000)
  region size 1024K, 16 young (16384K), 1 survivors (1024K)
 Metaspace       used 67363K, committed 67840K, reserved 1114112K
  class space    used 8489K, committed 8704K, reserved 1048576K
}
Event: 687.907 GC heap after
{Heap after GC invocations=56 (full 0):
 garbage-first heap   total 53248K, used 29214K [0x00000000c9e00000, 0x0000000100000000)
  region size 1024K, 1 young (1024K), 1 survivors (1024K)
 Metaspace       used 67363K, committed 67840K, reserved 1114112K
  class space    used 8489K, committed 8704K, reserved 1048576K
}
Event: 691.175 GC heap before
{Heap before GC invocations=57 (full 0):
 garbage-first heap   total 53248K, used 44574K [0x00000000c9e00000, 0x0000000100000000)
  region size 1024K, 16 young (16384K), 1 survivors (1024K)
 Metaspace       used 67373K, committed 67840K, reserved 1114112K
  class space    used 8489K, committed 8704K, reserved 1048576K
}
Event: 691.180 GC heap after
{Heap after GC invocations=58 (full 0):
 garbage-first heap   total 53248K, used 29225K [0x00000000c9e00000, 0x0000000100000000)
  region size 1024K, 1 young (1024K), 1 survivors (1024K)
 Metaspace       used 67373K, committed 67840K, reserved 1114112K
  class space    used 8489K, committed 8704K, reserved 1048576K
}
Event: 697.330 GC heap before
{Heap before GC invocations=58 (full 0):
 garbage-first heap   total 53248K, used 44585K [0x00000000c9e00000, 0x0000000100000000)
  region size 1024K, 16 young (16384K), 1 survivors (1024K)
 Metaspace       used 67375K, committed 67840K, reserved 1114112K
  class space    used 8489K, committed 8704K, reserved 1048576K
}
Event: 697.334 GC heap after
{Heap after GC invocations=59 (full 0):
 garbage-first heap   total 53248K, used 29235K [0x00000000c9e00000, 0x0000000100000000)
  region size 1024K, 1 young (1024K), 1 survivors (1024K)
 Metaspace       used 67375K, committed 67840K, reserved 1114112K
  class space    used 8489K, committed 8704K, reserved 1048576K
}
Event: 700.358 GC heap before
{Heap before GC invocations=60 (full 0):
 garbage-first heap   total 53248K, used 44595K [0x00000000c9e00000, 0x0000000100000000)
  region size 1024K, 16 young (16384K), 1 survivors (1024K)
 Metaspace       used 67375K, committed 67840K, reserved 1114112K
  class space    used 8489K, committed 8704K, reserved 1048576K
}
Event: 700.362 GC heap after
{Heap after GC invocations=61 (full 0):
 garbage-first heap   total 53248K, used 29194K [0x00000000c9e00000, 0x0000000100000000)
  region size 1024K, 1 young (1024K), 1 survivors (1024K)
 Metaspace       used 67375K, committed 67840K, reserved 1114112K
  class space    used 8489K, committed 8704K, reserved 1048576K
}
Event: 702.321 GC heap before
{Heap before GC invocations=61 (full 0):
 garbage-first heap   total 53248K, used 44554K [0x00000000c9e00000, 0x0000000100000000)
  region size 1024K, 16 young (16384K), 1 survivors (1024K)
 Metaspace       used 67375K, committed 67840K, reserved 1114112K
  class space    used 8489K, committed 8704K, reserved 1048576K
}
Event: 702.387 GC heap after
{Heap after GC invocations=62 (full 0):
 garbage-first heap   total 53248K, used 29221K [0x00000000c9e00000, 0x0000000100000000)
  region size 1024K, 1 young (1024K), 1 survivors (1024K)
 Metaspace       used 67375K, committed 67840K, reserved 1114112K
  class space    used 8489K, committed 8704K, reserved 1048576K
}
Event: 713.659 GC heap before
{Heap before GC invocations=63 (full 0):
 garbage-first heap   total 53248K, used 44581K [0x00000000c9e00000, 0x0000000100000000)
  region size 1024K, 16 young (16384K), 1 survivors (1024K)
 Metaspace       used 67379K, committed 67840K, reserved 1114112K
  class space    used 8489K, committed 8704K, reserved 1048576K
}
Event: 713.705 GC heap after
{Heap after GC invocations=64 (full 0):
 garbage-first heap   total 53248K, used 29242K [0x00000000c9e00000, 0x0000000100000000)
  region size 1024K, 1 young (1024K), 1 survivors (1024K)
 Metaspace       used 67379K, committed 67840K, reserved 1114112K
  class space    used 8489K, committed 8704K, reserved 1048576K
}

Deoptimization events (20 events):
Event: 693.050 Thread 0x000001c0c0f6bb30 DEOPT PACKING pc=0x000001c0ac39e673 sp=0x0000000706cfe510
Event: 693.050 Thread 0x000001c0c0f6bb30 DEOPT UNPACKING pc=0x000001c0aaf6dece sp=0x0000000706cfd948 mode 0
Event: 697.660 Thread 0x000001c0c0f70590 Uncommon trap: trap_request=0xffffffd6 fr.pc=0x000001c0b30355f4 relative=0x0000000000000154
Event: 697.660 Thread 0x000001c0c0f70590 Uncommon trap: reason=array_check action=maybe_recompile pc=0x000001c0b30355f4 method=com.zaxxer.hikari.util.FastList.add(Ljava/lang/Object;)Z @ 28 c2
Event: 697.660 Thread 0x000001c0c0f70590 DEOPT PACKING pc=0x000001c0b30355f4 sp=0x0000000706ffb1c0
Event: 697.660 Thread 0x000001c0c0f70590 DEOPT UNPACKING pc=0x000001c0aaf6d72e sp=0x0000000706ffb158 mode 2
Event: 697.662 Thread 0x000001c0c0f70590 Uncommon trap: trap_request=0xffffffd6 fr.pc=0x000001c0b30355f4 relative=0x0000000000000154
Event: 697.662 Thread 0x000001c0c0f70590 Uncommon trap: reason=array_check action=maybe_recompile pc=0x000001c0b30355f4 method=com.zaxxer.hikari.util.FastList.add(Ljava/lang/Object;)Z @ 28 c2
Event: 697.662 Thread 0x000001c0c0f70590 DEOPT PACKING pc=0x000001c0b30355f4 sp=0x0000000706ffcb70
Event: 697.662 Thread 0x000001c0c0f70590 DEOPT UNPACKING pc=0x000001c0aaf6d72e sp=0x0000000706ffcb08 mode 2
Event: 697.692 Thread 0x000001c0c0f6bb30 Uncommon trap: trap_request=0xffffffd6 fr.pc=0x000001c0b30355f4 relative=0x0000000000000154
Event: 697.692 Thread 0x000001c0c0f6bb30 Uncommon trap: reason=array_check action=maybe_recompile pc=0x000001c0b30355f4 method=com.zaxxer.hikari.util.FastList.add(Ljava/lang/Object;)Z @ 28 c2
Event: 697.694 Thread 0x000001c0c0f6e060 Uncommon trap: trap_request=0xffffffd6 fr.pc=0x000001c0b30355f4 relative=0x0000000000000154
Event: 697.694 Thread 0x000001c0c0f6e060 Uncommon trap: reason=array_check action=maybe_recompile pc=0x000001c0b30355f4 method=com.zaxxer.hikari.util.FastList.add(Ljava/lang/Object;)Z @ 28 c2
Event: 697.694 Thread 0x000001c0c0f6e060 DEOPT PACKING pc=0x000001c0b30355f4 sp=0x0000000706dfcae0
Event: 697.694 Thread 0x000001c0c0f6e060 DEOPT UNPACKING pc=0x000001c0aaf6d72e sp=0x0000000706dfca78 mode 2
Event: 697.695 Thread 0x000001c0c0f6bb30 DEOPT PACKING pc=0x000001c0b30355f4 sp=0x0000000706cfaca0
Event: 697.695 Thread 0x000001c0c0f6bb30 DEOPT UNPACKING pc=0x000001c0aaf6d72e sp=0x0000000706cfac38 mode 2
Event: 699.272 Thread 0x000001c0c0f70ae0 DEOPT PACKING pc=0x000001c0ac1f40d0 sp=0x0000000706efe6e0
Event: 699.272 Thread 0x000001c0c0f70ae0 DEOPT UNPACKING pc=0x000001c0aaf6dece sp=0x0000000706efdb60 mode 0

Classes unloaded (0 events):
No events

Classes redefined (0 events):
No events

Internal exceptions (20 events):
Event: 437.623 Thread 0x000001c0bf113680 Exception <a 'java/lang/ClassNotFoundException'{0x00000000cc468978}: org/springframework/web/servlet/config/annotation/WebMvcConfigurationSupportCustomizer> (0x00000000cc468978) 
thrown [t:\workspace\open\src\hotspot\share\classfile\systemDictionary.cpp, line 256]
Event: 437.624 Thread 0x000001c0bf113680 Exception <a 'java/lang/ClassNotFoundException'{0x00000000cc47ca18}: org/springframework/web/servlet/config/annotation/DelegatingWebMvcConfigurationCustomizer> (0x00000000cc47ca18) 
thrown [t:\workspace\open\src\hotspot\share\classfile\systemDictionary.cpp, line 256]
Event: 437.625 Thread 0x000001c0bf113680 Exception <a 'java/lang/ClassNotFoundException'{0x00000000cc485e28}: org/springframework/boot/autoconfigure/web/servlet/WebMvcAutoConfiguration$EnableWebMvcConfigurationCustomizer> (0x00000000cc485e28) 
thrown [t:\workspace\open\src\hotspot\share\classfile\systemDictionary.cpp, line 256]
Event: 437.627 Thread 0x000001c0bf113680 Exception <a 'java/lang/ClassNotFoundException'{0x00000000cc4980d0}: org/springframework/context/ResourceLoaderAwareCustomizer> (0x00000000cc4980d0) 
thrown [t:\workspace\open\src\hotspot\share\classfile\systemDictionary.cpp, line 256]
Event: 437.627 Thread 0x000001c0bf113680 Exception <a 'java/lang/ClassNotFoundException'{0x00000000cc49d050}: org/springframework/beans/factory/AwareCustomizer> (0x00000000cc49d050) 
thrown [t:\workspace\open\src\hotspot\share\classfile\systemDictionary.cpp, line 256]
Event: 437.628 Thread 0x000001c0bf113680 Exception <a 'java/lang/ClassNotFoundException'{0x00000000cc4a13f0}: org/springframework/context/ApplicationContextAwareCustomizer> (0x00000000cc4a13f0) 
thrown [t:\workspace\open\src\hotspot\share\classfile\systemDictionary.cpp, line 256]
Event: 437.628 Thread 0x000001c0bf113680 Exception <a 'java/lang/ClassNotFoundException'{0x00000000cc4a6f40}: org/springframework/beans/factory/AwareCustomizer> (0x00000000cc4a6f40) 
thrown [t:\workspace\open\src\hotspot\share\classfile\systemDictionary.cpp, line 256]
Event: 437.629 Thread 0x000001c0bf113680 Exception <a 'java/lang/ClassNotFoundException'{0x00000000cc4ab2b8}: org/springframework/web/context/ServletContextAwareCustomizer> (0x00000000cc4ab2b8) 
thrown [t:\workspace\open\src\hotspot\share\classfile\systemDictionary.cpp, line 256]
Event: 437.630 Thread 0x000001c0bf113680 Exception <a 'java/lang/ClassNotFoundException'{0x00000000cc4b0690}: org/springframework/beans/factory/AwareCustomizer> (0x00000000cc4b0690) 
thrown [t:\workspace\open\src\hotspot\share\classfile\systemDictionary.cpp, line 256]
Event: 438.182 Thread 0x000001c0bf113680 Implicit null exception at 0x000001c0b2b988a5 to 0x000001c0b2b98b6c
Event: 438.512 Thread 0x000001c0bf113680 Exception <a 'java/lang/NoSuchMethodError'{0x00000000ccb36160}: 'void java.lang.invoke.DirectMethodHandle$Holder.invokeVirtual(java.lang.Object, java.lang.Object, int)'> (0x00000000ccb36160) 
thrown [t:\workspace\open\src\hotspot\share\interpreter\linkResolver.cpp, line 790]
Event: 438.518 Thread 0x000001c0bf113680 Exception <a 'java/lang/NoSuchMethodError'{0x00000000ccb51250}: 'void java.lang.invoke.DirectMethodHandle$Holder.invokeVirtual(java.lang.Object, java.lang.Object, long)'> (0x00000000ccb51250) 
thrown [t:\workspace\open\src\hotspot\share\interpreter\linkResolver.cpp, line 790]
Event: 439.071 Thread 0x000001c0bf113680 Exception <a 'java/lang/IncompatibleClassChangeError'{0x00000000cc22a078}: Found class java.lang.Object, but interface was expected> (0x00000000cc22a078) 
thrown [t:\workspace\open\src\hotspot\share\interpreter\linkResolver.cpp, line 857]
Event: 439.218 Thread 0x000001c0bf113680 Implicit null exception at 0x000001c0b2be215f to 0x000001c0b2be2779
Event: 439.277 Thread 0x000001c0bf113680 Implicit null exception at 0x000001c0b2b19f5a to 0x000001c0b2b1a150
Event: 439.657 Thread 0x000001c0bf113680 Exception <a 'java/lang/NoSuchMethodError'{0x00000000cc6fe720}: 'java.lang.Object java.lang.invoke.DirectMethodHandle$Holder.invokeSpecial(java.lang.Object, java.lang.Object, int, java.lang.Object, int, java.lang.Object)'> (0x00000000cc6fe720) 
thrown [t:\workspace\open\src\hotspot\share\interpreter\linkResolver.cpp, line 790]
Event: 439.659 Thread 0x000001c0bf113680 Exception <a 'java/lang/NoSuchMethodError'{0x00000000cc507238}: 'java.lang.Object java.lang.invoke.DirectMethodHandle$Holder.newInvokeSpecial(java.lang.Object, java.lang.Object, int, java.lang.Object, int)'> (0x00000000cc507238) 
thrown [t:\workspace\open\src\hotspot\share\interpreter\linkResolver.cpp, line 790]
Event: 439.659 Thread 0x000001c0bf113680 Exception <a 'java/lang/NoSuchMethodError'{0x00000000cc50b448}: 'java.lang.Object java.lang.invoke.DirectMethodHandle$Holder.invokeSpecial(java.lang.Object, java.lang.Object, java.lang.Object, int, java.lang.Object, int)'> (0x00000000cc50b448) 
thrown [t:\workspace\open\src\hotspot\share\interpreter\linkResolver.cpp, line 790]
Event: 439.661 Thread 0x000001c0bf113680 Exception <a 'java/lang/NoSuchMethodError'{0x00000000cc515800}: 'void java.lang.invoke.DirectMethodHandle$Holder.invokeVirtual(java.lang.Object, java.lang.Object)'> (0x00000000cc515800) 
thrown [t:\workspace\open\src\hotspot\share\interpreter\linkResolver.cpp, line 790]
Event: 641.334 Thread 0x000001c0c0f71030 Exception <a 'java/lang/NoSuchMethodError'{0x00000000cc8b0308}: 'java.lang.Object java.lang.invoke.DirectMethodHandle$Holder.invokeStaticInit(java.lang.Object, java.lang.Object, java.lang.Object, java.lang.Object, java.lang.Object, java.lang.Object)'> (0x00000000cc8b0308) 
thrown [t:\workspace\open\src\hotspot\share\interpreter\linkResolver.cpp, line 790]

Events (20 events):
Event: 700.358 Executing  VM operation: G1CollectForAllocation
Event: 700.362 Executing  VM operation: G1CollectForAllocation done
Event: 701.369 Executing  VM operation: Cleanup
Event: 701.369 Executing  VM operation: Cleanup done
Event: 702.321 Executing  VM operation: G1CollectForAllocation
Event: 702.390 Executing  VM operation: G1CollectForAllocation done
Event: 702.443 Executing  VM operation: G1Concurrent
Event: 702.452 Executing  VM operation: G1Concurrent done
Event: 702.481 Executing  VM operation: G1Concurrent
Event: 702.481 Executing  VM operation: G1Concurrent done
Event: 703.490 Executing  VM operation: Cleanup
Event: 703.490 Executing  VM operation: Cleanup done
Event: 704.496 Executing  VM operation: Cleanup
Event: 704.496 Executing  VM operation: Cleanup done
Event: 712.568 Executing  VM operation: Cleanup
Event: 712.568 Executing  VM operation: Cleanup done
Event: 713.580 Executing  VM operation: Cleanup
Event: 713.611 Executing  VM operation: Cleanup done
Event: 713.614 Executing  VM operation: G1CollectForAllocation
Event: 713.894 Executing  VM operation: G1CollectForAllocation done


Dynamic libraries:
0x00007ff6f68a0000 - 0x00007ff6f68b0000 	C:\Program Files\Java\jdk-16.0.1\bin\javaw.exe
0x00007ffb41730000 - 0x00007ffb41928000 	C:\WINDOWS\SYSTEM32\ntdll.dll
0x00007ffb34ae0000 - 0x00007ffb34af7000 	C:\Program Files\Avast Software\Avast\aswhook.dll
0x00007ffb40cc0000 - 0x00007ffb40d7f000 	C:\WINDOWS\System32\KERNEL32.DLL
0x00007ffb3f080000 - 0x00007ffb3f352000 	C:\WINDOWS\System32\KERNELBASE.dll
0x00007ffb3f390000 - 0x00007ffb3f490000 	C:\WINDOWS\System32\ucrtbase.dll
0x00007ffb30830000 - 0x00007ffb30848000 	C:\Program Files\Java\jdk-16.0.1\bin\jli.dll
0x00007ffb40950000 - 0x00007ffb409fe000 	C:\WINDOWS\System32\ADVAPI32.dll
0x00007ffb40b90000 - 0x00007ffb40c2e000 	C:\WINDOWS\System32\msvcrt.dll
0x00007ffb406b0000 - 0x00007ffb4074c000 	C:\WINDOWS\System32\sechost.dll
0x00007ffb40a00000 - 0x00007ffb40b25000 	C:\WINDOWS\System32\RPCRT4.dll
0x00007ffb40d80000 - 0x00007ffb40f21000 	C:\WINDOWS\System32\USER32.dll
0x00007ffb3efc0000 - 0x00007ffb3efe2000 	C:\WINDOWS\System32\win32u.dll
0x00007ffb2a3f0000 - 0x00007ffb2a68a000 	C:\WINDOWS\WinSxS\amd64_microsoft.windows.common-controls_6595b64144ccf1df_6.0.19041.1110_none_60b5254171f9507e\COMCTL32.dll
0x00007ffb40910000 - 0x00007ffb4093b000 	C:\WINDOWS\System32\GDI32.dll
0x00007ffb3f5f0000 - 0x00007ffb3f6ff000 	C:\WINDOWS\System32\gdi32full.dll
0x00007ffb3ee20000 - 0x00007ffb3eebd000 	C:\WINDOWS\System32\msvcp_win.dll
0x00007ffb36ac0000 - 0x00007ffb36aca000 	C:\WINDOWS\SYSTEM32\VERSION.dll
0x00007ffb21260000 - 0x00007ffb21279000 	C:\Program Files\Java\jdk-16.0.1\bin\VCRUNTIME140.dll
0x00007ffb3fc60000 - 0x00007ffb3fc92000 	C:\WINDOWS\System32\IMM32.DLL
0x00007ffb30820000 - 0x00007ffb3082c000 	C:\Program Files\Java\jdk-16.0.1\bin\vcruntime140_1.dll
0x00007ffb207d0000 - 0x00007ffb20861000 	C:\Program Files\Java\jdk-16.0.1\bin\msvcp140.dll
0x00007ffb01d60000 - 0x00007ffb0290b000 	C:\Program Files\Java\jdk-16.0.1\bin\server\jvm.dll
0x00007ffb40940000 - 0x00007ffb40948000 	C:\WINDOWS\System32\PSAPI.DLL
0x00007ffb36ad0000 - 0x00007ffb36af7000 	C:\WINDOWS\SYSTEM32\WINMM.dll
0x00007ffb30d90000 - 0x00007ffb30d99000 	C:\WINDOWS\SYSTEM32\WSOCK32.dll
0x00007ffb40f30000 - 0x00007ffb40f9b000 	C:\WINDOWS\System32\WS2_32.dll
0x00007ffb3cca0000 - 0x00007ffb3ccb2000 	C:\WINDOWS\SYSTEM32\kernel.appcore.dll
0x00007ffb2be10000 - 0x00007ffb2be1a000 	C:\Program Files\Java\jdk-16.0.1\bin\jimage.dll
0x00007ffb326e0000 - 0x00007ffb328c4000 	C:\WINDOWS\SYSTEM32\DBGHELP.DLL
0x00007ffb326a0000 - 0x00007ffb326d5000 	C:\WINDOWS\SYSTEM32\dbgcore.DLL
0x00007ffb3eff0000 - 0x00007ffb3f072000 	C:\WINDOWS\System32\bcryptPrimitives.dll
0x00007ffb1f4d0000 - 0x00007ffb1f4f5000 	C:\Program Files\Java\jdk-16.0.1\bin\java.dll
0x00007ffb3ff60000 - 0x00007ffb406a4000 	C:\WINDOWS\System32\SHELL32.dll
0x00007ffb3cea0000 - 0x00007ffb3d632000 	C:\WINDOWS\SYSTEM32\windows.storage.dll
0x00007ffb412b0000 - 0x00007ffb41605000 	C:\WINDOWS\System32\combase.dll
0x00007ffb3e6c0000 - 0x00007ffb3e6f0000 	C:\WINDOWS\SYSTEM32\Wldp.dll
0x00007ffb41150000 - 0x00007ffb411fd000 	C:\WINDOWS\System32\SHCORE.dll
0x00007ffb3fef0000 - 0x00007ffb3ff45000 	C:\WINDOWS\System32\shlwapi.dll
0x00007ffb3ed60000 - 0x00007ffb3ed7f000 	C:\WINDOWS\SYSTEM32\profapi.dll
0x00007ffb2a3d0000 - 0x00007ffb2a3e9000 	C:\Program Files\Java\jdk-16.0.1\bin\net.dll
0x00007ffb397d0000 - 0x00007ffb398dc000 	C:\WINDOWS\SYSTEM32\WINHTTP.dll
0x00007ffb3e4a0000 - 0x00007ffb3e50a000 	C:\WINDOWS\system32\mswsock.dll
0x00007ffb1f4b0000 - 0x00007ffb1f4c3000 	C:\Program Files\Java\jdk-16.0.1\bin\nio.dll
0x00007ffb1c890000 - 0x00007ffb1c8a8000 	C:\Program Files\Java\jdk-16.0.1\bin\zip.dll
0x00007ffb2d290000 - 0x00007ffb2d2a0000 	C:\Program Files\Java\jdk-16.0.1\bin\verify.dll
0x00007ffb307d0000 - 0x00007ffb307d9000 	C:\Program Files\Java\jdk-16.0.1\bin\management.dll
0x00007ffb307c0000 - 0x00007ffb307cb000 	C:\Program Files\Java\jdk-16.0.1\bin\management_ext.dll
0x00007ffb26680000 - 0x00007ffb26697000 	C:\WINDOWS\system32\napinsp.dll
0x00007ffb26660000 - 0x00007ffb2667b000 	C:\WINDOWS\system32\pnrpnsp.dll
0x00007ffb3e200000 - 0x00007ffb3e2ca000 	C:\WINDOWS\SYSTEM32\DNSAPI.dll
0x00007ffb3e1b0000 - 0x00007ffb3e1eb000 	C:\WINDOWS\SYSTEM32\IPHLPAPI.DLL
0x00007ffb3ff50000 - 0x00007ffb3ff58000 	C:\WINDOWS\System32\NSI.dll
0x00007ffb3a770000 - 0x00007ffb3a78d000 	C:\WINDOWS\system32\NLAapi.dll
0x00007ffb26640000 - 0x00007ffb26652000 	C:\WINDOWS\System32\winrnr.dll
0x00007ffb381d0000 - 0x00007ffb381e5000 	C:\WINDOWS\system32\wshbth.dll
0x00007ffb34090000 - 0x00007ffb3409a000 	C:\Windows\System32\rasadhlp.dll
0x00007ffb34e30000 - 0x00007ffb34eb0000 	C:\WINDOWS\System32\fwpuclnt.dll
0x00007ffb3f360000 - 0x00007ffb3f387000 	C:\WINDOWS\System32\bcrypt.dll
0x00007ffb3e700000 - 0x00007ffb3e718000 	C:\WINDOWS\SYSTEM32\CRYPTSP.dll
0x00007ffb3dde0000 - 0x00007ffb3de14000 	C:\WINDOWS\system32\rsaenh.dll
0x00007ffb3ed20000 - 0x00007ffb3ed4e000 	C:\WINDOWS\SYSTEM32\USERENV.dll
0x00007ffb3e630000 - 0x00007ffb3e63c000 	C:\WINDOWS\SYSTEM32\CRYPTBASE.dll
0x00007ffb34390000 - 0x00007ffb343a7000 	C:\WINDOWS\SYSTEM32\dhcpcsvc6.DLL
0x00007ffb34370000 - 0x00007ffb3438d000 	C:\WINDOWS\SYSTEM32\dhcpcsvc.DLL
0x00007ffb34b00000 - 0x00007ffb34b0e000 	C:\Program Files\Java\jdk-16.0.1\bin\sunmscapi.dll
0x00007ffb3f490000 - 0x00007ffb3f5e6000 	C:\WINDOWS\System32\CRYPT32.dll
0x00007ffb3e7f0000 - 0x00007ffb3e817000 	C:\WINDOWS\SYSTEM32\ncrypt.dll
0x00007ffb3e7b0000 - 0x00007ffb3e7eb000 	C:\WINDOWS\SYSTEM32\NTASN1.dll
0x00007ffb34b10000 - 0x00007ffb34b17000 	C:\WINDOWS\system32\wshunix.dll

dbghelp: loaded successfully - version: 4.0.5 - missing functions: none
symbol engine: initialized successfully - sym options: 0x614 - pdb path: .;C:\Program Files\Java\jdk-16.0.1\bin;C:\WINDOWS\SYSTEM32;C:\Program Files\Avast Software\Avast;C:\WINDOWS\WinSxS\amd64_microsoft.windows.common-controls_6595b64144ccf1df_6.0.19041.1110_none_60b5254171f9507e;C:\Program Files\Java\jdk-16.0.1\bin\server

VM Arguments:
jvm_args: -Dfile.encoding=UTF-8 -XX:+ShowCodeDetailsInExceptionMessages 
java_command: com.saraya.WeCareApplication
java_class_path (initial): C:\Users\user\Desktop\tuto_cours\boot\WeCARE\target\classes;C:\Users\user\.m2\repository\org\springframework\boot\spring-boot-starter-data-jpa\2.7.5\spring-boot-starter-data-jpa-2.7.5.jar;C:\Users\user\.m2\repository\org\springframework\boot\spring-boot-starter-aop\2.7.5\spring-boot-starter-aop-2.7.5.jar;C:\Users\user\.m2\repository\org\springframework\spring-aop\5.3.23\spring-aop-5.3.23.jar;C:\Users\user\.m2\repository\org\aspectj\aspectjweaver\1.9.7\aspectjweaver-1.9.7.jar;C:\Users\user\.m2\repository\org\springframework\boot\spring-boot-starter-jdbc\2.7.5\spring-boot-starter-jdbc-2.7.5.jar;C:\Users\user\.m2\repository\com\zaxxer\HikariCP\4.0.3\HikariCP-4.0.3.jar;C:\Users\user\.m2\repository\org\springframework\spring-jdbc\5.3.23\spring-jdbc-5.3.23.jar;C:\Users\user\.m2\repository\jakarta\transaction\jakarta.transaction-api\1.3.3\jakarta.transaction-api-1.3.3.jar;C:\Users\user\.m2\repository\jakarta\persistence\jakarta.persistence-api\2.2.3\jakarta.persistence-api-2.2.3.jar;C:\Users\user\.m2\repository\org\hibernate\hibernate-core\5.6.12.Final\hibernate-core-5.6.12.Final.jar;C:\Users\user\.m2\repository\org\jboss\logging\jboss-logging\3.4.3.Final\jboss-logging-3.4.3.Final.jar;C:\Users\user\.m2\repository\net\bytebuddy\byte-buddy\1.12.18\byte-buddy-1.12.18.jar;C:\Users\user\.m2\repository\antlr\antlr\2.7.7\antlr-2.7.7.jar;C:\Users\user\.m2\repository\org\jboss\jandex\2.4.2.Final\jandex-2.4.2.Final.jar;C:\Users\user\.m2\repository\com\fasterxml\classmate\1.5.1\classmate-1.5.1.jar;C:\Users\user\.m2\repository\org\hibernate\common\hibernate-commons-annotations\5.1.2.Final\hibernate-commons-annotations-5.1.2.Final.jar;C:\Users\user\.m2\repository\org\glassfish\jaxb\jaxb-runtime\2.3.7\jaxb-runtime-2.3.7.jar;C:\Users\user\.m2\repository\org\glassfish\jaxb\txw2\2.3.7\txw2-2.3.7.jar;C:\Users\user\.m2\repository\com\sun\istack\istack-commons-runtime\3.0.12\istack-commons-runtime-3.0.12.jar;C:\Users\user\.m2\repository\org\springframework\data\sp
Launcher Type: SUN_STANDARD

[Global flags]
     intx CICompilerCount                          = 2                                         {product} {ergonomic}
     uint ConcGCThreads                            = 1                                         {product} {ergonomic}
     uint G1ConcRefinementThreads                  = 2                                         {product} {ergonomic}
   size_t G1HeapRegionSize                         = 1048576                                   {product} {ergonomic}
    uintx GCDrainStackTargetSize                   = 64                                        {product} {ergonomic}
   size_t InitialHeapSize                          = 58720256                                  {product} {ergonomic}
   size_t MarkStackSize                            = 4194304                                   {product} {ergonomic}
   size_t MaxHeapSize                              = 908066816                                 {product} {ergonomic}
   size_t MaxNewSize                               = 544210944                                 {product} {ergonomic}
   size_t MinHeapDeltaBytes                        = 1048576                                   {product} {ergonomic}
   size_t MinHeapSize                              = 8388608                                   {product} {ergonomic}
    uintx NonNMethodCodeHeapSize                   = 5826188                                {pd product} {ergonomic}
    uintx NonProfiledCodeHeapSize                  = 122916026                              {pd product} {ergonomic}
    uintx ProfiledCodeHeapSize                     = 122916026                              {pd product} {ergonomic}
    uintx ReservedCodeCacheSize                    = 251658240                              {pd product} {ergonomic}
     bool SegmentedCodeCache                       = true                                      {product} {ergonomic}
     bool ShowCodeDetailsInExceptionMessages       = true                                   {manageable} {command line}
   size_t SoftMaxHeapSize                          = 908066816                              {manageable} {ergonomic}
     bool UseCompressedClassPointers               = true                           {product lp64_product} {ergonomic}
     bool UseCompressedOops                        = true                           {product lp64_product} {ergonomic}
     bool UseG1GC                                  = true                                      {product} {ergonomic}
     bool UseLargePagesIndividualAllocation        = false                                  {pd product} {ergonomic}

Logging:
Log output configuration:
 #0: stdout all=warning uptime,level,tags
 #1: stderr all=off uptime,level,tags

Environment Variables:
PATH=C:/Program Files/Java/jdk-16.0.1/bin/server;C:/Program Files/Java/jdk-16.0.1/bin;C:\Program Files\Common Files\Oracle\Java\javapath;C:\Program Files (x86)\Common Files\Oracle\Java\javapath;C:\WINDOWS\system32;C:\WINDOWS;C:\WINDOWS\System32\Wbem;C:\WINDOWS\System32\WindowsPowerShell\v1.0\;C:\WINDOWS\System32\OpenSSH\;C:\Program Files\Intel\WiFi\bin\;C:\Program Files\Common Files\Intel\WirelessCommon\;C:\Program Files\nodejs\;C:\Program Files\Git\cmd;C:\Program Files\TortoiseGit\bin;C:\Program Files\Docker\Docker\resources\bin;C:\ProgramData\DockerDesktop\version-bin;C:\Program Files\MySQL\MySQL Shell 8.0\bin\;C:\Users\user\AppData\Local\Microsoft\WindowsApps;;C:\Program Files (x86)\Microsoft VS Code\bin;C:\Program Files\Intel\WiFi\bin\;C:\Program Files\Common Files\Intel\WirelessCommon\;C:\Users\user\AppData\Roaming\npm;C:\Program Files\JetBrains\IntelliJ IDEA 2021.3\bin;;C:\WINDOWS\system32;
USERNAME=user
OS=Windows_NT
PROCESSOR_IDENTIFIER=AMD64 Family 23 Model 32 Stepping 1, AuthenticAMD



---------------  S Y S T E M  ---------------

OS:
 Windows 10 , 64 bit Build 19041 (10.0.19041.2364)
OS uptime: 0 days 0:52 hours
Hyper-V role detected

CPU: total 2 (initial active 2) (2 cores per cpu, 1 threads per core) family 23 model 32 stepping 1 microcode 0x0, cx8, cmov, fxsr, mmx, 3dnowpref, sse, sse2, sse3, ssse3, sse4a, sse4.1, sse4.2, popcnt, lzcnt, tsc, tscinvbit, avx, avx2, aes, clmul, bmi1, bmi2, adx, sha, fma, vzeroupper, clflush, clflushopt, hv

Memory: 4k page, system-wide physical 3460M (160M free)
TotalPageFile size 14212M (AvailPageFile size 16M)
current process WorkingSet (physical memory assigned to process): 168M, peak: 216M
current process commit charge ("private bytes"): 261M, peak: 274M

vm_info: Java HotSpot(TM) 64-Bit Server VM (16.0.1+9-24) for windows-amd64 JRE (16.0.1+9-24), built on Mar 26 2021 19:31:42 by "mach5one" with MS VC++ 16.7 (VS2019)

END.
